<?xml version="1.0" encoding="UTF-8"?>
<!-- Generated by org.testng.reporters.JUnitXMLReporter -->
<testsuite hostname="Admin-PC" ignored="10" name="Test" tests="11" failures="0" timestamp="12 Sep 2020 06:40:46 GMT" time="824.616" errors="0">
  <testcase name="AboutMeProfile" time="36.99" classname="com.Profile.Scripts.ProfileAboutMe"/>
  <testcase name="ContactDetails" time="88.314" classname="com.Profile.Scripts.ProfileContact"/>
  <testcase name="ResumeProfile" time="50.67" classname="com.Profile.Scripts.ProfileResume"/>
  <testcase name="ProjectList" time="93.114" classname="com.Profile.Scripts.ProfileProjects"/>
  <testcase name="TestimonialsSearch" time="58.314" classname="com.Profile.Scripts.ProfileTestimonials"/>
  <testcase name="ProfileHomeAutoSearch" time="61.968" classname="com.Profile.Scripts.ProfileHomePageMultipleMethods"/>
  <testcase name="ProfileHomeButton" time="69.478" classname="com.Profile.Scripts.ProfileHomePageMultipleMethods"/>
  <testcase name="ProfileHomeDisabledText" time="62.866" classname="com.Profile.Scripts.ProfileHomePageMultipleMethods"/>
  <testcase name="ProfileHomeElementsText" time="89.749" classname="com.Profile.Scripts.ProfileHomePageMultipleMethods"/>
  <testcase name="ProfileHomeFileUploading" time="66.079" classname="com.Profile.Scripts.ProfileHomePageMultipleMethods"/>
  <testcase name="ProfileVideoTutorials" time="91.69" classname="com.Profile.Scripts.ProfileHomePageMultipleMethods"/>
  <testcase name="@BeforeTest LogIn" time="0.0" classname="com.Profile.basicOperations.LoginOperations">
    <ignored/>
  </testcase> <!-- @BeforeTest LogIn -->
  <testcase name="@BeforeTest LogIn" time="0.0" classname="com.Profile.basicOperations.LoginOperations">
    <ignored/>
  </testcase> <!-- @BeforeTest LogIn -->
  <testcase name="@BeforeTest LogIn" time="0.0" classname="com.Profile.basicOperations.LoginOperations">
    <ignored/>
  </testcase> <!-- @BeforeTest LogIn -->
  <testcase name="@BeforeTest LogIn" time="0.0" classname="com.Profile.basicOperations.LoginOperations">
    <ignored/>
  </testcase> <!-- @BeforeTest LogIn -->
  <testcase name="@BeforeTest LogIn" time="0.0" classname="com.Profile.basicOperations.LoginOperations">
    <ignored/>
  </testcase> <!-- @BeforeTest LogIn -->
  <testcase name="@AfterTest LogOut" time="0.0" classname="com.Profile.basicOperations.LoginOperations">
    <ignored/>
  </testcase> <!-- @AfterTest LogOut -->
  <testcase name="@AfterTest LogOut" time="0.0" classname="com.Profile.basicOperations.LoginOperations">
    <ignored/>
  </testcase> <!-- @AfterTest LogOut -->
  <testcase name="@AfterTest LogOut" time="0.0" classname="com.Profile.basicOperations.LoginOperations">
    <ignored/>
  </testcase> <!-- @AfterTest LogOut -->
  <testcase name="@AfterTest LogOut" time="0.0" classname="com.Profile.basicOperations.LoginOperations">
    <ignored/>
  </testcase> <!-- @AfterTest LogOut -->
  <testcase name="@AfterTest LogOut" time="0.0" classname="com.Profile.basicOperations.LoginOperations">
    <ignored/>
  </testcase> <!-- @AfterTest LogOut -->
</testsuite> <!-- Test -->
