<?xml version="1.0" encoding="UTF-8"?>
<testng-results skipped="0" failed="0" ignored="10" total="21" passed="11">
  <reporter-output>
  </reporter-output>
  <suite name="Suite" duration-ms="824616" started-at="2020-09-12T06:27:02Z" finished-at="2020-09-12T06:40:46Z">
    <groups>
    </groups>
    <test name="Test" duration-ms="824616" started-at="2020-09-12T06:27:02Z" finished-at="2020-09-12T06:40:46Z">
      <class name="com.Profile.Scripts.ProfileContact">
        <test-method status="PASS" signature="ContactDetails()[pri:0, instance:com.Profile.Scripts.ProfileContact@2aa5fe93]" name="ContactDetails" duration-ms="88314" started-at="2020-09-12T06:28:03Z" finished-at="2020-09-12T06:29:31Z">
          <reporter-output>
          </reporter-output>
        </test-method> <!-- ContactDetails -->
      </class> <!-- com.Profile.Scripts.ProfileContact -->
      <class name="com.Profile.Scripts.ProfileAboutMe">
        <test-method status="PASS" signature="LogIn()[pri:0, instance:com.Profile.Scripts.ProfileAboutMe@3b2cf7ab]" name="LogIn" is-config="true" duration-ms="24376" started-at="2020-09-12T06:27:02Z" finished-at="2020-09-12T06:27:26Z">
          <reporter-output>
          </reporter-output>
        </test-method> <!-- LogIn -->
        <test-method status="PASS" signature="AboutMeProfile()[pri:0, instance:com.Profile.Scripts.ProfileAboutMe@3b2cf7ab]" name="AboutMeProfile" duration-ms="36990" started-at="2020-09-12T06:27:26Z" finished-at="2020-09-12T06:28:03Z">
          <reporter-output>
          </reporter-output>
        </test-method> <!-- AboutMeProfile -->
        <test-method status="PASS" signature="LogOut()[pri:0, instance:com.Profile.Scripts.ProfileAboutMe@3b2cf7ab]" name="LogOut" is-config="true" duration-ms="30920" started-at="2020-09-12T06:40:15Z" finished-at="2020-09-12T06:40:46Z">
          <reporter-output>
          </reporter-output>
        </test-method> <!-- LogOut -->
      </class> <!-- com.Profile.Scripts.ProfileAboutMe -->
      <class name="com.Profile.Scripts.ProfileHomePageMultipleMethods">
        <test-method status="PASS" signature="ProfileHomeAutoSearch()[pri:1, instance:com.Profile.Scripts.ProfileHomePageMultipleMethods@3c153a1]" name="ProfileHomeAutoSearch" duration-ms="61968" started-at="2020-09-12T06:32:54Z" finished-at="2020-09-12T06:33:56Z">
          <reporter-output>
          </reporter-output>
        </test-method> <!-- ProfileHomeAutoSearch -->
        <test-method status="PASS" signature="ProfileHomeButton()[pri:2, instance:com.Profile.Scripts.ProfileHomePageMultipleMethods@3c153a1]" name="ProfileHomeButton" duration-ms="69478" started-at="2020-09-12T06:33:56Z" finished-at="2020-09-12T06:35:05Z">
          <reporter-output>
          </reporter-output>
        </test-method> <!-- ProfileHomeButton -->
        <test-method status="PASS" signature="ProfileHomeDisabledText()[pri:3, instance:com.Profile.Scripts.ProfileHomePageMultipleMethods@3c153a1]" name="ProfileHomeDisabledText" duration-ms="62866" started-at="2020-09-12T06:35:05Z" finished-at="2020-09-12T06:36:08Z">
          <reporter-output>
          </reporter-output>
        </test-method> <!-- ProfileHomeDisabledText -->
        <test-method status="PASS" signature="ProfileHomeElementsText()[pri:4, instance:com.Profile.Scripts.ProfileHomePageMultipleMethods@3c153a1]" name="ProfileHomeElementsText" duration-ms="89749" started-at="2020-09-12T06:36:08Z" finished-at="2020-09-12T06:37:38Z">
          <reporter-output>
          </reporter-output>
        </test-method> <!-- ProfileHomeElementsText -->
        <test-method status="PASS" signature="ProfileHomeFileUploading()[pri:5, instance:com.Profile.Scripts.ProfileHomePageMultipleMethods@3c153a1]" name="ProfileHomeFileUploading" duration-ms="66079" started-at="2020-09-12T06:37:38Z" finished-at="2020-09-12T06:38:44Z">
          <reporter-output>
          </reporter-output>
        </test-method> <!-- ProfileHomeFileUploading -->
        <test-method status="PASS" signature="ProfileVideoTutorials()[pri:6, instance:com.Profile.Scripts.ProfileHomePageMultipleMethods@3c153a1]" name="ProfileVideoTutorials" duration-ms="91690" started-at="2020-09-12T06:38:44Z" finished-at="2020-09-12T06:40:15Z">
          <reporter-output>
          </reporter-output>
        </test-method> <!-- ProfileVideoTutorials -->
      </class> <!-- com.Profile.Scripts.ProfileHomePageMultipleMethods -->
      <class name="com.Profile.Scripts.ProfileProjects">
        <test-method status="PASS" signature="ProjectList()[pri:0, instance:com.Profile.Scripts.ProfileProjects@5ad851c9]" name="ProjectList" duration-ms="93114" started-at="2020-09-12T06:30:22Z" finished-at="2020-09-12T06:31:55Z">
          <reporter-output>
          </reporter-output>
        </test-method> <!-- ProjectList -->
      </class> <!-- com.Profile.Scripts.ProfileProjects -->
      <class name="com.Profile.Scripts.ProfileResume">
        <test-method status="PASS" signature="ResumeProfile()[pri:0, instance:com.Profile.Scripts.ProfileResume@5c1a8622]" name="ResumeProfile" duration-ms="50670" started-at="2020-09-12T06:29:31Z" finished-at="2020-09-12T06:30:22Z">
          <reporter-output>
          </reporter-output>
        </test-method> <!-- ResumeProfile -->
      </class> <!-- com.Profile.Scripts.ProfileResume -->
      <class name="com.Profile.Scripts.ProfileTestimonials">
        <test-method status="PASS" signature="TestimonialsSearch()[pri:0, instance:com.Profile.Scripts.ProfileTestimonials@6156496]" name="TestimonialsSearch" duration-ms="58314" started-at="2020-09-12T06:31:55Z" finished-at="2020-09-12T06:32:54Z">
          <reporter-output>
          </reporter-output>
        </test-method> <!-- TestimonialsSearch -->
      </class> <!-- com.Profile.Scripts.ProfileTestimonials -->
    </test> <!-- Test -->
  </suite> <!-- Suite -->
</testng-results>
